###############################################################################
#                                                                             #
# IAR C/C++ Compiler V8.10.3.10338/W32 for 8051         11/Sep/2017  15:08:14 #
# Copyright 2004-2011 IAR Systems AB.                                         #
#                                                                             #
#    Core               =  plain                                              #
#    Code model         =  banked                                             #
#    Data model         =  large                                              #
#    Calling convention =  xdata reentrant                                    #
#    Constant location  =  data_rom                                           #
#    Dptr setup         =  1,16                                               #
#    Source file        =  F:\test\zigbus\Components\hal\target\CC2530EB\hal_ #
#                          adc.c                                              #
#    Command line       =  -f F:\test\zigbus\Projects\zstack\Samples\GenericA #
#                          pp\CC2530DB\..\..\..\Tools\CC2530DB\f8wEndev.cfg   #
#                          (-DCPU32MHZ -DROOT=__near_func -DBLINK_LEDS) -f    #
#                          F:\test\zigbus\Projects\zstack\Samples\GenericApp\ #
#                          CC2530DB\..\..\..\Tools\CC2530DB\f8wConfig.cfg     #
#                          (-DSECURE=0 -DZG_SECURE_DYNAMIC=0 -DREFLECTOR      #
#                          -DDEFAULT_CHANLIST=0x00000800                      #
#                          -DZDAPP_CONFIG_PAN_ID=0xFFFF                       #
#                          -DNWK_START_DELAY=100 -DEXTENDED_JOINING_RANDOM_MA #
#                          SK=0x007F -DBEACON_REQUEST_DELAY=100               #
#                          -DBEACON_REQ_DELAY_MASK=0x00FF                     #
#                          -DROUTE_EXPIRY_TIME=30 -DAPSC_ACK_WAIT_DURATION_PO #
#                          LLED=3000 -DNWK_INDIRECT_MSG_TIMEOUT=7             #
#                          -DMAX_RREQ_ENTRIES=8 -DAPSC_MAX_FRAME_RETRIES=3    #
#                          -DNWK_MAX_DATA_RETRIES=2                           #
#                          -DMAX_POLL_FAILURE_RETRIES=2 -DMAX_BCAST=9         #
#                          -DAPS_MAX_GROUPS=16 -DMAX_RTG_ENTRIES=40           #
#                          -DNWK_MAX_BINDING_ENTRIES=4                        #
#                          -DMAX_BINDING_CLUSTER_IDS=4 "-DDEFAULT_KEY={0x01,  #
#                          0x03, 0x05, 0x07, 0x09, 0x0B, 0x0D, 0x0F, 0x00,    #
#                          0x02, 0x04, 0x06, 0x08, 0x0A, 0x0C, 0x0D}"         #
#                          -DMAC_MAX_FRAME_SIZE=116 "-DCONST=const __code"    #
#                          -DGENERIC=__generic -DRFD_RCVC_ALWAYS_ON=FALSE     #
#                          -DPOLL_RATE=1000 -DQUEUED_POLL_RATE=100            #
#                          -DRESPONSE_POLL_RATE=100) -DREJOIN_POLL_RATE=440   #
#                          F:\test\zigbus\Components\hal\target\CC2530EB\hal_ #
#                          adc.c -D ZIGBEEPRO -D NWK_AUTO_POLL -D ZTOOL_P1    #
#                          -D MT_TASK -D MT_SYS_FUNC -D MT_ZDO_FUNC -D        #
#                          LCD_SUPPORTED=DEBUG -D xPOWER_SAVING -lC           #
#                          F:\test\zigbus\Projects\zstack\Samples\GenericApp\ #
#                          CC2530DB\EndDeviceEB-Pro\List\ -lA                 #
#                          F:\test\zigbus\Projects\zstack\Samples\GenericApp\ #
#                          CC2530DB\EndDeviceEB-Pro\List\ --diag_suppress     #
#                          Pe001,Pa010 -o F:\test\zigbus\Projects\zstack\Samp #
#                          les\GenericApp\CC2530DB\EndDeviceEB-Pro\Obj\ -e    #
#                          --debug --core=plain --dptr=16,1                   #
#                          --data_model=large --code_model=banked             #
#                          --calling_convention=xdata_reentrant               #
#                          --place_constants=data_rom --nr_virtual_regs 16    #
#                          -I F:\test\zigbus\Projects\zstack\Samples\GenericA #
#                          pp\CC2530DB\ -I F:\test\zigbus\Projects\zstack\Sam #
#                          ples\GenericApp\CC2530DB\..\SOURCE\ -I             #
#                          F:\test\zigbus\Projects\zstack\Samples\GenericApp\ #
#                          CC2530DB\..\..\..\ZMAIN\TI2530DB\ -I               #
#                          F:\test\zigbus\Projects\zstack\Samples\GenericApp\ #
#                          CC2530DB\..\..\..\..\..\COMPONENTS\MT\ -I          #
#                          F:\test\zigbus\Projects\zstack\Samples\GenericApp\ #
#                          CC2530DB\..\..\..\..\..\COMPONENTS\HAL\INCLUDE\    #
#                          -I F:\test\zigbus\Projects\zstack\Samples\GenericA #
#                          pp\CC2530DB\..\..\..\..\..\COMPONENTS\HAL\TARGET\C #
#                          C2530EB\ -I F:\test\zigbus\Projects\zstack\Samples #
#                          \GenericApp\CC2530DB\..\..\..\..\..\COMPONENTS\OSA #
#                          L\MCU\CCSOC\ -I F:\test\zigbus\Projects\zstack\Sam #
#                          ples\GenericApp\CC2530DB\..\..\..\..\..\COMPONENTS #
#                          \OSAL\INCLUDE\ -I F:\test\zigbus\Projects\zstack\S #
#                          amples\GenericApp\CC2530DB\..\..\..\..\..\COMPONEN #
#                          TS\STACK\AF\ -I F:\test\zigbus\Projects\zstack\Sam #
#                          ples\GenericApp\CC2530DB\..\..\..\..\..\COMPONENTS #
#                          \STACK\NWK\ -I F:\test\zigbus\Projects\zstack\Samp #
#                          les\GenericApp\CC2530DB\..\..\..\..\..\COMPONENTS\ #
#                          STACK\SEC\ -I F:\test\zigbus\Projects\zstack\Sampl #
#                          es\GenericApp\CC2530DB\..\..\..\..\..\COMPONENTS\S #
#                          TACK\SAPI\ -I F:\test\zigbus\Projects\zstack\Sampl #
#                          es\GenericApp\CC2530DB\..\..\..\..\..\COMPONENTS\S #
#                          TACK\SYS\ -I F:\test\zigbus\Projects\zstack\Sample #
#                          s\GenericApp\CC2530DB\..\..\..\..\..\COMPONENTS\ST #
#                          ACK\ZDO\ -I F:\test\zigbus\Projects\zstack\Samples #
#                          \GenericApp\CC2530DB\..\..\..\..\..\COMPONENTS\ZMA #
#                          C\F8W\ -I F:\test\zigbus\Projects\zstack\Samples\G #
#                          enericApp\CC2530DB\..\..\..\..\..\COMPONENTS\ZMAC\ #
#                           -I F:\test\zigbus\Projects\zstack\Samples\Generic #
#                          App\CC2530DB\..\..\..\..\..\COMPONENTS\SERVICES\SA #
#                          DDR\ -I F:\test\zigbus\Projects\zstack\Samples\Gen #
#                          ericApp\CC2530DB\..\..\..\..\..\COMPONENTS\SERVICE #
#                          S\SDATA\ -I F:\test\zigbus\Projects\zstack\Samples #
#                          \GenericApp\CC2530DB\..\..\..\..\..\COMPONENTS\MAC #
#                          \INCLUDE\ -I F:\test\zigbus\Projects\zstack\Sample #
#                          s\GenericApp\CC2530DB\..\..\..\..\..\COMPONENTS\MA #
#                          C\HIGH_LEVEL\ -I F:\test\zigbus\Projects\zstack\Sa #
#                          mples\GenericApp\CC2530DB\..\..\..\..\..\COMPONENT #
#                          S\MAC\LOW_LEVEL\srf04\ -I                          #
#                          F:\test\zigbus\Projects\zstack\Samples\GenericApp\ #
#                          CC2530DB\..\..\..\..\..\COMPONENTS\MAC\LOW_LEVEL\s #
#                          rf04\SINGLE_CHIP\ -Ohz --require_prototypes        #
#    List file          =  F:\test\zigbus\Projects\zstack\Samples\GenericApp\ #
#                          CC2530DB\EndDeviceEB-Pro\List\hal_adc.lst          #
#    Object file        =  F:\test\zigbus\Projects\zstack\Samples\GenericApp\ #
#                          CC2530DB\EndDeviceEB-Pro\Obj\hal_adc.r51           #
#                                                                             #
#                                                                             #
###############################################################################

F:\test\zigbus\Components\hal\target\CC2530EB\hal_adc.c
      1          /**************************************************************************************************
      2            Filename:       hal_adc.c
      3            Revised:        $Date: 2009-12-17 13:13:47 -0800 (Thu, 17 Dec 2009) $
      4            Revision:       $Revision: 21356 $
      5          
      6            Description:    This file contains the interface to the HAL ADC.
      7          
      8          
      9            Copyright 2006-2009 Texas Instruments Incorporated. All rights reserved.
     10          
     11            IMPORTANT: Your use of this Software is limited to those specific rights
     12            granted under the terms of a software license agreement between the user
     13            who downloaded the software, his/her employer (which must be your employer)
     14            and Texas Instruments Incorporated (the "License").  You may not use this
     15            Software unless you agree to abide by the terms of the License. The License
     16            limits your use, and you acknowledge, that the Software may not be modified,
     17            copied or distributed unless embedded on a Texas Instruments microcontroller
     18            or used solely and exclusively in conjunction with a Texas Instruments radio
     19            frequency transceiver, which is integrated into your product.  Other than for
     20            the foregoing purpose, you may not use, reproduce, copy, prepare derivative
     21            works of, modify, distribute, perform, display or sell this Software and/or
     22            its documentation for any purpose.
     23          
     24            YOU FURTHER ACKNOWLEDGE AND AGREE THAT THE SOFTWARE AND DOCUMENTATION ARE
     25            PROVIDED “AS IS” WITHOUT WARRANTY OF ANY KIND, EITHER EXPRESS OR IMPLIED,
     26            INCLUDING WITHOUT LIMITATION, ANY WARRANTY OF MERCHANTABILITY, TITLE,
     27            NON-INFRINGEMENT AND FITNESS FOR A PARTICULAR PURPOSE. IN NO EVENT SHALL
     28            TEXAS INSTRUMENTS OR ITS LICENSORS BE LIABLE OR OBLIGATED UNDER CONTRACT,
     29            NEGLIGENCE, STRICT LIABILITY, CONTRIBUTION, BREACH OF WARRANTY, OR OTHER
     30            LEGAL EQUITABLE THEORY ANY DIRECT OR INDIRECT DAMAGES OR EXPENSES
     31            INCLUDING BUT NOT LIMITED TO ANY INCIDENTAL, SPECIAL, INDIRECT, PUNITIVE
     32            OR CONSEQUENTIAL DAMAGES, LOST PROFITS OR LOST DATA, COST OF PROCUREMENT
     33            OF SUBSTITUTE GOODS, TECHNOLOGY, SERVICES, OR ANY CLAIMS BY THIRD PARTIES
     34            (INCLUDING BUT NOT LIMITED TO ANY DEFENSE THEREOF), OR OTHER SIMILAR COSTS.
     35          
     36            Should you have any questions regarding your right to use this Software,
     37            contact Texas Instruments Incorporated at www.TI.com.
     38          **************************************************************************************************/
     39          
     40          /**************************************************************************************************
     41           *                                           INCLUDES
     42           **************************************************************************************************/
     43          #include  "hal_mcu.h"

   \                                 In  segment SFR_AN, at 0x88
   \   union <unnamed> volatile __sfr _A_TCON
   \                     _A_TCON:
   \   000000                DS 1

   \                                 In  segment SFR_AN, at 0xb6
   \   unsigned char volatile __sfr ADCCON3
   \                     ADCCON3:
   \   000000                DS 1

   \                                 In  segment SFR_AN, at 0xba
   \   unsigned char volatile __sfr ADCL
   \                     ADCL:
   \   000000                DS 1

   \                                 In  segment SFR_AN, at 0xbb
   \   unsigned char volatile __sfr ADCH
   \                     ADCH:
   \   000000                DS 1
     44          #include  "hal_defs.h"
     45          #include  "hal_types.h"
     46          #include  "hal_adc.h"
     47          
     48          /**************************************************************************************************
     49           *                                            CONSTANTS
     50           **************************************************************************************************/
     51          #define HAL_ADC_EOC         0x80    /* End of Conversion bit */
     52          #define HAL_ADC_START       0x40    /* Starts Conversion */
     53          
     54          #define HAL_ADC_STSEL_EXT   0x00    /* External Trigger */
     55          #define HAL_ADC_STSEL_FULL  0x10    /* Full Speed, No Trigger */
     56          #define HAL_ADC_STSEL_T1C0  0x20    /* Timer1, Channel 0 Compare Event Trigger */
     57          #define HAL_ADC_STSEL_ST    0x30    /* ADCCON1.ST =1 Trigger */
     58          
     59          #define HAL_ADC_RAND_NORM   0x00    /* Normal Operation */
     60          #define HAL_ADC_RAND_LFSR   0x04    /* Clock LFSR */
     61          #define HAL_ADC_RAND_SEED   0x08    /* Seed Modulator */
     62          #define HAL_ADC_RAND_STOP   0x0c    /* Stop Random Generator */
     63          #define HAL_ADC_RAND_BITS   0x0c    /* Bits [3:2] */
     64          
     65          #define HAL_ADC_DEC_064     0x00    /* Decimate by 64 : 8-bit resolution */
     66          #define HAL_ADC_DEC_128     0x10    /* Decimate by 128 : 10-bit resolution */
     67          #define HAL_ADC_DEC_256     0x20    /* Decimate by 256 : 12-bit resolution */
     68          #define HAL_ADC_DEC_512     0x30    /* Decimate by 512 : 14-bit resolution */
     69          #define HAL_ADC_DEC_BITS    0x30    /* Bits [5:4] */
     70          
     71          #define HAL_ADC_STSEL       HAL_ADC_STSEL_ST
     72          #define HAL_ADC_RAND_GEN    HAL_ADC_RAND_STOP
     73          #define HAL_ADC_REF_VOLT    HAL_ADC_REF_AVDD
     74          #define HAL_ADC_DEC_RATE    HAL_ADC_DEC_064
     75          #define HAL_ADC_SCHN        HAL_ADC_CHN_VDD3
     76          #define HAL_ADC_ECHN        HAL_ADC_CHN_GND
     77          
     78          /* Vdd limit values */

   \                                 In  segment CODE_C, align 1
     79          static __code const uint16 HalAdcVddLimit[] =
   \                     HalAdcVddLimit:
   \   000000   9C36         DW 13980
   \   000002   063A         DW 14854
   \   000004   703D         DW 15728
   \   000006   D940         DW 16601
   \   000008   4344         DW 17475
   \   00000A   AD47         DW 18349
   \   00000C   174B         DW 19223
   \   00000E   814E         DW 20097
   \   000010   EA51         DW 20970
     80          {
     81            0x369C,       /*  VDD Limit - 1.6v  */
     82            0x3A06,       /*  VDD Limit - 1.7v  */
     83            0x3D70,       /*  VDD Limit - 1.8v  */
     84            0x40D9,       /*  VDD Limit - 1.9v  */
     85            0x4443,       /*  VDD Limit - 2.0v  */
     86            0x47AD,       /*  VDD Limit - 2.1v  */
     87            0x4B17,       /*  VDD Limit - 2.2v  */
     88            0x4E81,       /*  VDD Limit - 2.3v  */
     89            0x51EA,       /*  VDD Limit - 2.4v  */
     90          };
     91          
     92          /**************************************************************************************************
     93           *                                              MACROS
     94           **************************************************************************************************/
     95          #define HAL_ADC_CLR_EOC()   asm("PUSH A"); asm("MOV A,ADCL"); asm("MOV A,ADCH"); asm("POP A");
     96          
     97          /**************************************************************************************************
     98           *                                            TYPEDEFS
     99           **************************************************************************************************/
    100          
    101          /**************************************************************************************************
    102           *                                         GLOBAL VARIABLES
    103           **************************************************************************************************/
    104          
    105          /**************************************************************************************************
    106           *                                          FUNCTIONS - API
    107           **************************************************************************************************/
    108          extern bool HalAdcCheckVdd (uint8 limit);
    109          
    110          /**************************************************************************************************
    111           * @fn      HalAdcInit
    112           *
    113           * @brief   Initialize ADC Service
    114           *
    115           * @param   None
    116           *
    117           * @return  None
    118           **************************************************************************************************/

   \                                 In  segment BANKED_CODE, align 1, keep-with-next
    119          void HalAdcInit (void)
   \                     HalAdcInit:
    120          {
   \   000000                ; Saved register size: 0
   \   000000                ; Auto size: 0
    121          #if (HAL_ADC == TRUE)
    122            volatile uint8  tmp;
    123          
    124            ADCCON1 = HAL_ADC_STSEL | HAL_ADC_RAND_GEN | 0x03;
    125            ADCCON2 = HAL_ADC_REF_VOLT | HAL_ADC_DEC_RATE | HAL_ADC_SCHN;
    126            /*
    127            *  After reset, the first ADC reading of the extra conversion always reads GND level.
    128            *  We will do a few dummy conversions to bypass this bug.
    129            */
    130            tmp = ADCL;     /* read ADCL,ADCH to clear EOC */
    131            tmp = ADCH;
    132            ADCCON3 = HAL_ADC_REF_VOLT | HAL_ADC_DEC_RATE | HAL_ADC_ECHN;
    133            while ((ADCCON1 & HAL_ADC_EOC) != HAL_ADC_EOC);   /* Wait for conversion */
    134            tmp = ADCL;     /* read ADCL,ADCH to clear EOC */
    135            tmp = ADCH;
    136            ADCCON3 = HAL_ADC_REF_VOLT | HAL_ADC_DEC_RATE | HAL_ADC_ECHN;
    137            while ((ADCCON1 & HAL_ADC_EOC) != HAL_ADC_EOC);   /* Wait for conversion */
    138            tmp = ADCL;     /* read ADCL,ADCH to clear EOC */
    139            tmp = ADCH;
    140          #endif
    141          }
   \   000000   02....       LJMP    ?BRET
    142          
    143          /**************************************************************************************************
    144           * @fn      HalAdcRead
    145           *
    146           * @brief   Read the ADC based on given channel and resolution
    147           *
    148           * @param   channel - channel where ADC will be read
    149           * @param   resolution - the resolution of the value
    150           *
    151           * @return  16 bit value of the ADC in offset binary format.
    152           *
    153           *          Note that the ADC is "bipolar", which means the GND (0V) level is mid-scale.
    154           *          Note2: This function assumes that ADCCON3 contains the voltage reference.
    155           **************************************************************************************************/

   \                                 In  segment BANKED_CODE, align 1, keep-with-next
    156          uint16 HalAdcRead (uint8 channel, uint8 resolution)
   \                     HalAdcRead:
    157          {
   \   000000                ; Saved register size: 0
   \   000000                ; Auto size: 0
    158            int16  reading = 0;
    159          
    160          #if (HAL_ADC == TRUE)
    161          
    162            uint8   i, resbits;
    163            uint8   adctemp;
    164            volatile  uint8 tmp;
    165            uint8  adcChannel = 1;
    166            uint8  reference;
    167          
    168            /* store the previously set reference voltage selection */
    169            reference = ADCCON3 & HAL_ADC_REF_BITS;
    170          
    171            /*
    172            * If Analog input channel is AIN0..AIN7, make sure corresponing P0 I/O pin is enabled.  The code
    173            * does NOT disable the pin at the end of this function.  I think it is better to leave the pin
    174            * enabled because the results will be more accurate.  Because of the inherent capacitance on the
    175            * pin, it takes time for the voltage on the pin to charge up to its steady-state level.  If
    176            * HalAdcRead() has to turn on the pin for every conversion, the results may show a lower voltage
    177            * than actuality because the pin did not have time to fully charge.
    178            */
    179            if (channel < 8)
    180            {
    181              for (i=0; i < channel; i++)
    182              {
    183                adcChannel <<= 1;
    184              }
    185            }
    186          
    187            /* Enable channel */
    188            ADCCFG |= adcChannel;
    189          
    190            /* Convert resolution to decimation rate */
    191            switch (resolution)
    192            {
    193              case HAL_ADC_RESOLUTION_8:
    194                resbits = HAL_ADC_DEC_064;
    195                break;
    196              case HAL_ADC_RESOLUTION_10:
    197                resbits = HAL_ADC_DEC_128;
    198                break;
    199              case HAL_ADC_RESOLUTION_12:
    200                resbits = HAL_ADC_DEC_256;
    201                break;
    202              case HAL_ADC_RESOLUTION_14:
    203              default:
    204                resbits = HAL_ADC_DEC_512;
    205                break;
    206            }
    207          
    208            /* read ADCL,ADCH to clear EOC */
    209            tmp = ADCL;
    210            tmp = ADCH;
    211          
    212            /* Setup Sample */
    213            adctemp = ADCCON3;
    214            adctemp &= ~(HAL_ADC_CHN_BITS | HAL_ADC_DEC_BITS | HAL_ADC_REF_BITS);
    215            adctemp |= channel | resbits | (reference);
    216          
    217            /* writing to this register starts the extra conversion */
    218            ADCCON3 = adctemp;
    219          
    220            /* Wait for the conversion to be done */
    221            while (!(ADCCON1 & HAL_ADC_EOC));
    222          
    223            /* Disable channel after done conversion */
    224            ADCCFG &= (adcChannel ^ 0xFF);
    225          
    226            /* Read the result */
    227            reading = (int16) (ADCL);
    228            reading |= (int16) (ADCH << 8);
    229          
    230            /* Treat small negative as 0 */
    231            if (reading < 0)
    232              reading = 0;
    233          
    234            switch (resolution)
    235            {
    236              case HAL_ADC_RESOLUTION_8:
    237                reading >>= 8;
    238                break;
    239              case HAL_ADC_RESOLUTION_10:
    240                reading >>= 6;
    241                break;
    242              case HAL_ADC_RESOLUTION_12:
    243                reading >>= 4;
    244                break;
    245              case HAL_ADC_RESOLUTION_14:
    246              default:
    247                reading >>= 2;
    248              break;
    249            }
    250          #else
    251            // unused arguments
    252            (void) channel;
    253            (void) resolution;
    254          #endif
    255          
    256            return ((uint16)reading);
   \   000000   7A00         MOV     R2,#0x0
   \   000002   7B00         MOV     R3,#0x0
   \   000004   02....       LJMP    ?BRET
    257          }
    258          
    259          /**************************************************************************************************
    260           * @fn      HalAdcSetReference
    261           *
    262           * @brief   Sets the reference voltage for the ADC and initializes the service
    263           *
    264           * @param   reference - the reference voltage to be used by the ADC
    265           *
    266           * @return  none
    267           *
    268           **************************************************************************************************/

   \                                 In  segment BANKED_CODE, align 1, keep-with-next
    269          void HalAdcSetReference ( uint8 reference )
   \                     HalAdcSetReference:
    270          {
   \   000000                ; Saved register size: 0
   \   000000                ; Auto size: 0
    271          #if (HAL_ADC == TRUE)
    272            volatile uint8 tmp;
    273          
    274            ADCCON1 = HAL_ADC_STSEL | HAL_ADC_RAND_GEN | 0x03;
    275            ADCCON2 = (reference) | HAL_ADC_DEC_RATE | HAL_ADC_SCHN;
    276            /*
    277            *  After reset, the first ADC reading of the extra conversion always reads GND level.
    278            *  We will do a few dummy conversions to bypass this bug.
    279            */
    280            tmp = ADCL;     /* read ADCL,ADCH to clear EOC */
    281            tmp = ADCH;
    282            ADCCON3 = (reference) | HAL_ADC_DEC_RATE | HAL_ADC_ECHN;
    283            while ((ADCCON1 & HAL_ADC_EOC) != HAL_ADC_EOC);   /* Wait for conversion */
    284            tmp = ADCL;     /* read ADCL,ADCH to clear EOC */
    285            tmp = ADCH;
    286            ADCCON3 = (reference) | HAL_ADC_DEC_RATE | HAL_ADC_ECHN;
    287            while ((ADCCON1 & HAL_ADC_EOC) != HAL_ADC_EOC);   /* Wait for conversion */
    288            tmp = ADCL;     /* read ADCL,ADCH to clear EOC */
    289            tmp = ADCH;
    290          #endif
    291          }
   \   000000   02....       LJMP    ?BRET
    292          
    293          /**************************************************************************************************
    294           * @fn      HalAdcCheckVdd
    295           *
    296           * @brief   Check the Vdd and return TRUE if it greater than or equal the limit
    297           *
    298           * @param   limit - limit that needs to be checked with the Vdd
    299           *
    300           * @return  TRUE if Vdd >= limit, FALSE otherwise
    301           *
    302           **************************************************************************************************/

   \                                 In  segment BANKED_CODE, align 1, keep-with-next
    303          bool HalAdcCheckVdd (uint8 limit)
   \                     HalAdcCheckVdd:
    304          {
   \   000000   74F6         MOV     A,#-0xa
   \   000002   12....       LCALL   ?BANKED_ENTER_XDATA
   \   000005                ; Saved register size: 10
   \   000005                ; Auto size: 0
   \   000005   E9           MOV     A,R1
   \   000006   FC           MOV     R4,A
    305            uint16 value;
    306            uint8 tmpADCCON3 = ADCCON3;  // Save ADCCON3 to restore later
   \   000007   E5B6         MOV     A,0xb6
   \   000009   F8           MOV     R0,A
    307          
    308            /* Clear ADC interrupt flag */
    309            ADCIF = 0;
   \   00000A   C28D         CLR     0x88.5
    310          
    311            /* Setup the new value for conversion */
    312            ADCCON3 = (HAL_ADC_REF_125V | HAL_ADC_DEC_064 | HAL_ADC_CHN_VDD3);
   \   00000C   75B60F       MOV     0xb6,#0xf
    313          
    314            /* Wait for the conversion to finish */
    315            while ( !ADCIF );
   \                     ??HalAdcCheckVdd_0:
   \   00000F   A28D         MOV     C,0x88.5
   \   000011   50FC         JNC     ??HalAdcCheckVdd_0
    316          
    317            /* Get the result */
    318            value = ADCL;
   \   000013   E5BA         MOV     A,0xba
   \   000015   F5..         MOV     ?V0 + 0,A
    319            value |= ((uint16) ADCH) << 8;
   \   000017   E5BB         MOV     A,0xbb
    320          
    321            // Restore ADCCON3
    322            ADCCON3 = tmpADCCON3;
   \   000019   88B6         MOV     0xb6,R0
    323            
    324            /* Check the limit and return */
    325            return ( value >= HalAdcVddLimit[limit] );
   \   00001B   FB           MOV     R3,A
   \   00001C   EC           MOV     A,R4
   \   00001D   C3           CLR     C
   \   00001E   33           RLC     A
   \   00001F   F8           MOV     R0,A
   \   000020   E4           CLR     A
   \   000021   33           RLC     A
   \   000022   F9           MOV     R1,A
   \   000023   74..         MOV     A,#HalAdcVddLimit & 0xff
   \   000025   28           ADD     A,R0
   \   000026   F582         MOV     DPL,A
   \   000028   74..         MOV     A,#(HalAdcVddLimit >> 8) & 0xff
   \   00002A   39           ADDC    A,R1
   \   00002B   F583         MOV     DPH,A
   \   00002D   E4           CLR     A
   \   00002E   93           MOVC    A,@A+DPTR
   \   00002F   F8           MOV     R0,A
   \   000030   7401         MOV     A,#0x1
   \   000032   93           MOVC    A,@A+DPTR
   \   000033   F9           MOV     R1,A
   \   000034   C3           CLR     C
   \   000035   E5..         MOV     A,?V0 + 0
   \   000037   98           SUBB    A,R0
   \   000038   EB           MOV     A,R3
   \   000039   99           SUBB    A,R1
   \   00003A   4004         JC      ??HalAdcCheckVdd_1
   \   00003C   7901         MOV     R1,#0x1
   \   00003E   8002         SJMP    ??HalAdcCheckVdd_2
   \                     ??HalAdcCheckVdd_1:
   \   000040   7900         MOV     R1,#0x0
   \                     ??HalAdcCheckVdd_2:
   \   000042   7F02         MOV     R7,#0x2
   \   000044   02....       LJMP    ?BANKED_LEAVE_XDATA
   \   000047                REQUIRE ADCCON3
   \   000047                REQUIRE _A_TCON
   \   000047                REQUIRE ADCL
   \   000047                REQUIRE ADCH
    326          }

   \                                 In  segment BANK_RELAYS, align 1
   \                     ??HalAdcInit?relay:
   \   000000   12....       LCALL   ?BDISPATCH
   \   000003   ......       DC24    HalAdcInit

   \                                 In  segment BANK_RELAYS, align 1
   \                     ??HalAdcRead?relay:
   \   000000   12....       LCALL   ?BDISPATCH
   \   000003   ......       DC24    HalAdcRead

   \                                 In  segment BANK_RELAYS, align 1
   \                     ??HalAdcSetReference?relay:
   \   000000   12....       LCALL   ?BDISPATCH
   \   000003   ......       DC24    HalAdcSetReference

   \                                 In  segment BANK_RELAYS, align 1
   \                     ??HalAdcCheckVdd?relay:
   \   000000   12....       LCALL   ?BDISPATCH
   \   000003   ......       DC24    HalAdcCheckVdd
    327          
    328          /**************************************************************************************************
    329          **************************************************************************************************/

   Maximum stack usage in bytes:

     Function           ISTACK PSTACK XSTACK
     --------           ------ ------ ------
     HalAdcCheckVdd         0      0     10
     HalAdcInit             0      0      0
     HalAdcRead             0      0      0
     HalAdcSetReference     0      0      0


   Segment part sizes:

     Function/Label             Bytes
     --------------             -----
     _A_TCON                       1
     ADCCON3                       1
     ADCL                          1
     ADCH                          1
     HalAdcVddLimit               18
     HalAdcInit                    3
     HalAdcRead                    7
     HalAdcSetReference            3
     HalAdcCheckVdd               71
     ??HalAdcInit?relay            6
     ??HalAdcRead?relay            6
     ??HalAdcSetReference?relay    6
     ??HalAdcCheckVdd?relay        6

 
 84 bytes in segment BANKED_CODE
 24 bytes in segment BANK_RELAYS
 18 bytes in segment CODE_C
  4 bytes in segment SFR_AN
 
 126 bytes of CODE memory
   0 bytes of DATA memory (+ 4 bytes shared)

Errors: none
Warnings: none
